<?xml version="1.0" encoding="UTF-8"?>
<!-- Generated by org.testng.reporters.JUnitReportReporter -->
<testsuite hostname="metro" failures="0" tests="1" name="tests.BookDetailsTest" time="6.572" errors="0" timestamp="2023-12-23T12:05:36 EET" skipped="0">
  <testcase classname="tests.BookDetailsTest" name="validatebookdetails" time="6.572"/>
</testsuite> <!-- tests.BookDetailsTest -->
