<?xml version="1.0" encoding="UTF-8"?>
<!-- Generated by org.testng.reporters.JUnitReportReporter -->
<testsuite hostname="metro" failures="0" tests="2" name="tests.ShoppingCart" time="3.564" errors="0" timestamp="2023-12-21T15:34:26 EET" skipped="0">
  <testcase classname="tests.ShoppingCart" name="goToShoppingCart" time="1.866"/>
  <testcase classname="tests.ShoppingCart" name="verifyCartDetails" time="1.698"/>
</testsuite> <!-- tests.ShoppingCart -->
