<?xml version="1.0" encoding="UTF-8"?>
<!-- Generated by org.testng.reporters.JUnitReportReporter -->
<testsuite hostname="metro" failures="0" tests="1" name="tests.BookDetails" time="0.141" errors="0" timestamp="2023-12-21T13:10:14 EET" skipped="0">
  <testcase classname="tests.BookDetails" name="validatebookdetails" time="0.141"/>
</testsuite> <!-- tests.BookDetails -->
